<?xml version="1.0" encoding="UTF-8"?>
<testsuite xmlns:xsi="http://www.w3.org/2001/XMLSchema-instance" xsi:noNamespaceSchemaLocation="https://maven.apache.org/surefire/maven-surefire-plugin/xsd/surefire-test-report-3.0.xsd" version="3.0" name="org.mybatis.jpetstore.web.actions.AccountActionBeanTest" time="0.024" tests="6" errors="0" skipped="0" failures="0">
  <properties>
[...]
</properties>
  <testcase name="constructorOutputNotNull" classname="org.mybatis.jpetstore.web.actions.AccountActionBeanTest" time="0.002"/>
  <testcase name="getUsernameOutputNull" classname="org.mybatis.jpetstore.web.actions.AccountActionBeanTest" time="0.001"/>
  <testcase name="isAuthenticatedOutputFalse" classname="org.mybatis.jpetstore.web.actions.AccountActionBeanTest" time="0.001"/>
  <testcase name="getMyListOutputNull" classname="org.mybatis.jpetstore.web.actions.AccountActionBeanTest" time="0.008"/>
  <testcase name="getAccountOutputNotNull" classname="org.mybatis.jpetstore.web.actions.AccountActionBeanTest" time="0.007"/>
  <testcase name="getPasswordOutputNull" classname="org.mybatis.jpetstore.web.actions.AccountActionBeanTest" time="0.001"/>
</testsuite>